C:\Users\lukas\OneDrive\Desktop\Final-main(1)\Final-main\backend\server.py:9743: DeprecationWarning: 
        on_event is deprecated, use lifespan event handlers instead.

        Read more about it in the
        [FastAPI docs for Lifespan Events](https://fastapi.tiangolo.com/advanced/events/).
        
  @app.on_event("startup")
C:\Users\lukas\OneDrive\Desktop\Final-main(1)\Final-main\backend\server.py:9886: DeprecationWarning: 
        on_event is deprecated, use lifespan event handlers instead.

        Read more about it in the
        [FastAPI docs for Lifespan Events](https://fastapi.tiangolo.com/advanced/events/).
        
  @app.on_event("shutdown")
INFO:     Started server process [56908]
INFO:     Waiting for application startup.
2026-04-10 16:03:45,238 - root - INFO - Database indexes created/verified successfully
2026-04-10 16:03:45,242 - apscheduler.scheduler - INFO - Adding job tentatively -- it will be properly scheduled when the scheduler starts
2026-04-10 16:03:45,243 - apscheduler.scheduler - INFO - Added job "scheduled_backup_job" to job store "default"
2026-04-10 16:03:45,244 - apscheduler.scheduler - INFO - Scheduler started
2026-04-10 16:03:45,244 - root - INFO - Application startup complete - Admin user initialized
2026-04-10 16:03:45,244 - root - INFO - Daily backup scheduler started (runs at 2:00 AM)
2026-04-10 16:03:45,244 - root - INFO - Rate limiting enabled: 10 requests/minute for login
INFO:     Application startup complete.
ERROR:    [Errno 10048] error while attempting to bind on address ('0.0.0.0', 8002): [winerror 10048] normalerweise darf jede socketadresse (protokoll, netzwerkadresse oder anschluss) nur jeweils einmal verwendet werden
INFO:     Waiting for application shutdown.
2026-04-10 16:03:45,246 - apscheduler.scheduler - INFO - Scheduler has been shut down
INFO:     Application shutdown complete.
